<?xml version="1.0" encoding="UTF-8"?>
<!-- Generated by org.testng.reporters.JUnitXMLReporter -->
<testsuite hostname="mbpro-dejuan.lan" name="Default test" tests="3" failures="0" timestamp="13 Jul 2017 09:41:54 GMT" time="302.789" errors="0">
  <testcase name="" time="148.641" classname="testcases.C1Dev1002OptionRequestAcceptRejectADV"/>
  <testcase name="" time="132.025" classname="testcases.C1Dev1002OptionRequestAcceptRejectADV"/>
  <testcase name="" time="11.835" classname="testcases.C1Dev1002OptionRequestAcceptRejectADV"/>
</testsuite> <!-- Default test -->
