<?xml version="1.0" encoding="UTF-8"?>
<testng-results skipped="0" failed="0" total="1" passed="1">
  <reporter-output>
  </reporter-output>
  <suite name="Default suite" duration-ms="98423" started-at="2016-11-07T12:39:53Z" finished-at="2016-11-07T12:41:31Z">
    <groups>
    </groups>
    <test name="Default test" duration-ms="98423" started-at="2016-11-07T12:39:53Z" finished-at="2016-11-07T12:41:31Z">
      <class name="testcases.C2Dev1139UnderBidModifyDelete">
        <test-method status="PASS" signature="start()[pri:0, instance:testcases.C2Dev1139UnderBidModifyDelete@3abbfa04]" test-instance-name="" name="start" is-config="true" duration-ms="4380" started-at="2016-11-07T13:39:53Z" finished-at="2016-11-07T13:39:57Z">
          <reporter-output>
          </reporter-output>
        </test-method> <!-- start -->
        <test-method status="PASS" signature="UnderbidsAndModify()[pri:0, instance:testcases.C2Dev1139UnderBidModifyDelete@3abbfa04]" test-instance-name="" name="UnderbidsAndModify" duration-ms="88939" started-at="2016-11-07T13:39:57Z" finished-at="2016-11-07T13:41:26Z">
          <reporter-output>
          </reporter-output>
        </test-method> <!-- UnderbidsAndModify -->
        <test-method status="PASS" signature="stop()[pri:0, instance:testcases.C2Dev1139UnderBidModifyDelete@3abbfa04]" test-instance-name="" name="stop" is-config="true" duration-ms="5094" started-at="2016-11-07T13:41:26Z" finished-at="2016-11-07T13:41:31Z">
          <reporter-output>
          </reporter-output>
        </test-method> <!-- stop -->
      </class> <!-- testcases.C2Dev1139UnderBidModifyDelete -->
    </test> <!-- Default test -->
  </suite> <!-- Default suite -->
</testng-results>
