<?xml version="1.0" encoding="UTF-8"?>
<testng-results skipped="0" failed="0" total="8" passed="8">
  <reporter-output>
  </reporter-output>
  <suite name="myMvnPro by groups" duration-ms="289270" started-at="2017-07-16T17:38:34Z" finished-at="2017-07-16T17:43:23Z">
    <groups>
      <group name="A1">
        <method signature="A1Dev1028UnitCreate.CreateData()[pri:0, instance:testcases.A1Dev1028UnitCreate@146ba0ac]" name="CreateData" class="testcases.A1Dev1028UnitCreate"/>
      </group> <!-- A1 -->
      <group name="A2">
        <method signature="A2Dev1072LoginFirstTime.logInChangePass(java.lang.String, java.lang.String)[pri:0, instance:testcases.A2Dev1072LoginFirstTime@754ba872]" name="logInChangePass" class="testcases.A2Dev1072LoginFirstTime"/>
      </group> <!-- A2 -->
    </groups>
    <test name="GRP-A1,A2" duration-ms="289270" started-at="2017-07-16T17:38:34Z" finished-at="2017-07-16T17:43:23Z">
      <class name="testcases.A2Dev1072LoginFirstTime">
        <test-method status="PASS" signature="start()[pri:0, instance:testcases.A2Dev1072LoginFirstTime@754ba872]" test-instance-name="" name="start" is-config="true" duration-ms="2756" started-at="2017-07-16T19:40:23Z" finished-at="2017-07-16T19:40:25Z">
          <reporter-output>
          </reporter-output>
        </test-method> <!-- start -->
        <test-method name="logInChangePass" test-instance-name="" signature="logInChangePass(java.lang.String, java.lang.String)[pri:0, instance:testcases.A2Dev1072LoginFirstTime@754ba872]" depends-on-groups="A1" status="PASS" duration-ms="23777" finished-at="2017-07-16T19:40:49Z" started-at="2017-07-16T19:40:25Z" data-provider="users">
          <params>
            <param index="0">
              <value>
                <![CDATA[05rdxaADV]]>
              </value>
            </param>
            <param index="1">
              <value>
                <![CDATA[autotestAdoptiq@gmail.com]]>
              </value>
            </param>
          </params>
          <reporter-output>
          </reporter-output>
        </test-method> <!-- logInChangePass -->
        <test-method name="logInChangePass" test-instance-name="" signature="logInChangePass(java.lang.String, java.lang.String)[pri:0, instance:testcases.A2Dev1072LoginFirstTime@754ba872]" depends-on-groups="A1" status="PASS" duration-ms="24802" finished-at="2017-07-16T19:41:14Z" started-at="2017-07-16T19:40:49Z" data-provider="users">
          <params>
            <param index="0">
              <value>
                <![CDATA[05rdxaADV2]]>
              </value>
            </param>
            <param index="1">
              <value>
                <![CDATA[autotestAdoptiq@gmail.com]]>
              </value>
            </param>
          </params>
          <reporter-output>
          </reporter-output>
        </test-method> <!-- logInChangePass -->
        <test-method name="logInChangePass" test-instance-name="" signature="logInChangePass(java.lang.String, java.lang.String)[pri:0, instance:testcases.A2Dev1072LoginFirstTime@754ba872]" depends-on-groups="A1" status="PASS" duration-ms="24686" finished-at="2017-07-16T19:41:39Z" started-at="2017-07-16T19:41:14Z" data-provider="users">
          <params>
            <param index="0">
              <value>
                <![CDATA[05rdxaMB]]>
              </value>
            </param>
            <param index="1">
              <value>
                <![CDATA[autotestAdoptiq@gmail.com]]>
              </value>
            </param>
          </params>
          <reporter-output>
          </reporter-output>
        </test-method> <!-- logInChangePass -->
        <test-method name="logInChangePass" test-instance-name="" signature="logInChangePass(java.lang.String, java.lang.String)[pri:0, instance:testcases.A2Dev1072LoginFirstTime@754ba872]" depends-on-groups="A1" status="PASS" duration-ms="24671" finished-at="2017-07-16T19:42:03Z" started-at="2017-07-16T19:41:39Z" data-provider="users">
          <params>
            <param index="0">
              <value>
                <![CDATA[05rdxaUG]]>
              </value>
            </param>
            <param index="1">
              <value>
                <![CDATA[autotestAdoptiq@gmail.com]]>
              </value>
            </param>
          </params>
          <reporter-output>
          </reporter-output>
        </test-method> <!-- logInChangePass -->
        <test-method name="logInChangePass" test-instance-name="" signature="logInChangePass(java.lang.String, java.lang.String)[pri:0, instance:testcases.A2Dev1072LoginFirstTime@754ba872]" depends-on-groups="A1" status="PASS" duration-ms="25023" finished-at="2017-07-16T19:42:28Z" started-at="2017-07-16T19:42:03Z" data-provider="users">
          <params>
            <param index="0">
              <value>
                <![CDATA[05rdxaUG2]]>
              </value>
            </param>
            <param index="1">
              <value>
                <![CDATA[autotestAdoptiq@gmail.com]]>
              </value>
            </param>
          </params>
          <reporter-output>
          </reporter-output>
        </test-method> <!-- logInChangePass -->
        <test-method name="logInChangePass" test-instance-name="" signature="logInChangePass(java.lang.String, java.lang.String)[pri:0, instance:testcases.A2Dev1072LoginFirstTime@754ba872]" depends-on-groups="A1" status="PASS" duration-ms="24353" finished-at="2017-07-16T19:42:53Z" started-at="2017-07-16T19:42:28Z" data-provider="users">
          <params>
            <param index="0">
              <value>
                <![CDATA[05rdxaRes]]>
              </value>
            </param>
            <param index="1">
              <value>
                <![CDATA[autotestAdoptiq@gmail.com]]>
              </value>
            </param>
          </params>
          <reporter-output>
          </reporter-output>
        </test-method> <!-- logInChangePass -->
        <test-method name="logInChangePass" test-instance-name="" signature="logInChangePass(java.lang.String, java.lang.String)[pri:0, instance:testcases.A2Dev1072LoginFirstTime@754ba872]" depends-on-groups="A1" status="PASS" duration-ms="24718" finished-at="2017-07-16T19:43:17Z" started-at="2017-07-16T19:42:53Z" data-provider="users">
          <params>
            <param index="0">
              <value>
                <![CDATA[05rdxaRes2]]>
              </value>
            </param>
            <param index="1">
              <value>
                <![CDATA[autotestAdoptiq@gmail.com]]>
              </value>
            </param>
          </params>
          <reporter-output>
          </reporter-output>
        </test-method> <!-- logInChangePass -->
        <test-method status="PASS" signature="stop()[pri:0, instance:testcases.A2Dev1072LoginFirstTime@754ba872]" test-instance-name="" name="stop" is-config="true" duration-ms="5582" started-at="2017-07-16T19:43:17Z" finished-at="2017-07-16T19:43:23Z">
          <reporter-output>
          </reporter-output>
        </test-method> <!-- stop -->
      </class> <!-- testcases.A2Dev1072LoginFirstTime -->
      <class name="testcases.A1Dev1028UnitCreate">
        <test-method status="PASS" signature="start()[pri:0, instance:testcases.A1Dev1028UnitCreate@146ba0ac]" test-instance-name="" name="start" is-config="true" duration-ms="3225" started-at="2017-07-16T19:38:34Z" finished-at="2017-07-16T19:38:37Z">
          <reporter-output>
          </reporter-output>
        </test-method> <!-- start -->
        <test-method status="PASS" signature="CreateData()[pri:0, instance:testcases.A1Dev1028UnitCreate@146ba0ac]" test-instance-name="" name="CreateData" duration-ms="100004" started-at="2017-07-16T19:38:37Z" finished-at="2017-07-16T19:40:17Z">
          <reporter-output>
          </reporter-output>
        </test-method> <!-- CreateData -->
        <test-method status="PASS" signature="stop()[pri:0, instance:testcases.A1Dev1028UnitCreate@146ba0ac]" test-instance-name="" name="stop" is-config="true" duration-ms="5654" started-at="2017-07-16T19:40:17Z" finished-at="2017-07-16T19:40:23Z">
          <reporter-output>
          </reporter-output>
        </test-method> <!-- stop -->
      </class> <!-- testcases.A1Dev1028UnitCreate -->
    </test> <!-- GRP-A1,A2 -->
  </suite> <!-- myMvnPro by groups -->
</testng-results>
