<?xml version="1.0" encoding="UTF-8"?>
<!-- Generated by org.testng.reporters.JUnitXMLReporter -->
<testsuite hostname="mbpro-dejuan.local" name="GRP-Gui" tests="12" failures="0" timestamp="23 Sep 2016 08:30:51 GMT" time="190.717" errors="0">
  <testcase name="" time="8.942" classname="testcases.A0GuiCheckMB"/>
  <testcase name="" time="6.412" classname="testcases.A0GuiCheckMB"/>
  <testcase name="" time="5.516" classname="testcases.A0GuiCheckMB"/>
  <testcase name="" time="5.561" classname="testcases.A0GuiCheckMB"/>
  <testcase name="" time="8.633" classname="testcases.A0GuiCheckMB"/>
  <testcase name="" time="5.849" classname="testcases.A0GuiCheckMB"/>
  <testcase name="" time="5.407" classname="testcases.A0GuiCheckMB"/>
  <testcase name="" time="11.563" classname="testcases.A0GuiCheckMB"/>
  <testcase name="" time="5.453" classname="testcases.A0GuiCheckMB"/>
  <testcase name="" time="6.514" classname="testcases.A0GuiCheckMB"/>
  <testcase name="" time="58.279" classname="testcases.A0GuiCheckExchange"/>
  <testcase name="" time="22.084" classname="testcases.A0GuiCheckExchange"/>
</testsuite> <!-- GRP-Gui -->
