<?xml version="1.0" encoding="UTF-8"?>
<!-- Generated by org.testng.reporters.JUnitXMLReporter -->
<testsuite hostname="mbpro-dejuan.local" name="GRP-B2,B3,B4,B5,B6,B1" tests="250" failures="0" timestamp="30 Nov 2016 08:02:59 GMT" time="1172.403" errors="0">
  <testcase name="" time="22.966" classname="testcases.B1Dev1015CheckExchangePricesMB"/>
  <testcase name="" time="0.166" classname="testcases.B1Dev1015CheckExchangePricesMB"/>
  <testcase name="" time="0.149" classname="testcases.B1Dev1015CheckExchangePricesMB"/>
  <testcase name="" time="0.162" classname="testcases.B1Dev1015CheckExchangePricesMB"/>
  <testcase name="" time="0.216" classname="testcases.B1Dev1015CheckExchangePricesMB"/>
  <testcase name="" time="0.222" classname="testcases.B1Dev1015CheckExchangePricesMB"/>
  <testcase name="" time="0.157" classname="testcases.B1Dev1015CheckExchangePricesMB"/>
  <testcase name="" time="6.58" classname="testcases.B1Dev1015CheckExchangePricesMB"/>
  <testcase name="" time="0.185" classname="testcases.B1Dev1015CheckExchangePricesMB"/>
  <testcase name="" time="0.149" classname="testcases.B1Dev1015CheckExchangePricesMB"/>
  <testcase name="" time="0.145" classname="testcases.B1Dev1015CheckExchangePricesMB"/>
  <testcase name="" time="0.137" classname="testcases.B1Dev1015CheckExchangePricesMB"/>
  <testcase name="" time="0.137" classname="testcases.B1Dev1015CheckExchangePricesMB"/>
  <testcase name="" time="0.138" classname="testcases.B1Dev1015CheckExchangePricesMB"/>
  <testcase name="" time="6.591" classname="testcases.B1Dev1015CheckExchangePricesMB"/>
  <testcase name="" time="0.167" classname="testcases.B1Dev1015CheckExchangePricesMB"/>
  <testcase name="" time="0.136" classname="testcases.B1Dev1015CheckExchangePricesMB"/>
  <testcase name="" time="0.132" classname="testcases.B1Dev1015CheckExchangePricesMB"/>
  <testcase name="" time="0.13" classname="testcases.B1Dev1015CheckExchangePricesMB"/>
  <testcase name="" time="0.134" classname="testcases.B1Dev1015CheckExchangePricesMB"/>
  <testcase name="" time="0.132" classname="testcases.B1Dev1015CheckExchangePricesMB"/>
  <testcase name="" time="19.297" classname="testcases.B1Dev1015CheckExchangePricesMB"/>
  <testcase name="" time="0.164" classname="testcases.B1Dev1015CheckExchangePricesMB"/>
  <testcase name="" time="0.137" classname="testcases.B1Dev1015CheckExchangePricesMB"/>
  <testcase name="" time="0.143" classname="testcases.B1Dev1015CheckExchangePricesMB"/>
  <testcase name="" time="0.139" classname="testcases.B1Dev1015CheckExchangePricesMB"/>
  <testcase name="" time="0.133" classname="testcases.B1Dev1015CheckExchangePricesMB"/>
  <testcase name="" time="0.128" classname="testcases.B1Dev1015CheckExchangePricesMB"/>
  <testcase name="" time="17.651" classname="testcases.B1Dev1015CheckExchangePricesMB"/>
  <testcase name="" time="0.164" classname="testcases.B1Dev1015CheckExchangePricesMB"/>
  <testcase name="" time="0.141" classname="testcases.B1Dev1015CheckExchangePricesMB"/>
  <testcase name="" time="0.137" classname="testcases.B1Dev1015CheckExchangePricesMB"/>
  <testcase name="" time="0.124" classname="testcases.B1Dev1015CheckExchangePricesMB"/>
  <testcase name="" time="0.138" classname="testcases.B1Dev1015CheckExchangePricesMB"/>
  <testcase name="" time="0.127" classname="testcases.B1Dev1015CheckExchangePricesMB"/>
  <testcase name="" time="22.989" classname="testcases.B1Dev1015CheckExchangePricesMB"/>
  <testcase name="" time="0.184" classname="testcases.B1Dev1015CheckExchangePricesMB"/>
  <testcase name="" time="0.161" classname="testcases.B1Dev1015CheckExchangePricesMB"/>
  <testcase name="" time="0.17" classname="testcases.B1Dev1015CheckExchangePricesMB"/>
  <testcase name="" time="0.173" classname="testcases.B1Dev1015CheckExchangePricesMB"/>
  <testcase name="" time="0.163" classname="testcases.B1Dev1015CheckExchangePricesMB"/>
  <testcase name="" time="0.158" classname="testcases.B1Dev1015CheckExchangePricesMB"/>
  <testcase name="" time="0.154" classname="testcases.B1Dev1015CheckExchangePricesMB"/>
  <testcase name="" time="0.152" classname="testcases.B1Dev1015CheckExchangePricesMB"/>
  <testcase name="" time="0.163" classname="testcases.B1Dev1015CheckExchangePricesMB"/>
  <testcase name="" time="0.153" classname="testcases.B1Dev1015CheckExchangePricesMB"/>
  <testcase name="" time="0.159" classname="testcases.B1Dev1015CheckExchangePricesMB"/>
  <testcase name="" time="0.155" classname="testcases.B1Dev1015CheckExchangePricesMB"/>
  <testcase name="" time="7.001" classname="testcases.B1Dev1015CheckExchangePricesMB"/>
  <testcase name="" time="0.159" classname="testcases.B1Dev1015CheckExchangePricesMB"/>
  <testcase name="" time="0.177" classname="testcases.B1Dev1015CheckExchangePricesMB"/>
  <testcase name="" time="0.24" classname="testcases.B1Dev1015CheckExchangePricesMB"/>
  <testcase name="" time="0.171" classname="testcases.B1Dev1015CheckExchangePricesMB"/>
  <testcase name="" time="0.16" classname="testcases.B1Dev1015CheckExchangePricesMB"/>
  <testcase name="" time="0.158" classname="testcases.B1Dev1015CheckExchangePricesMB"/>
  <testcase name="" time="0.164" classname="testcases.B1Dev1015CheckExchangePricesMB"/>
  <testcase name="" time="0.161" classname="testcases.B1Dev1015CheckExchangePricesMB"/>
  <testcase name="" time="0.158" classname="testcases.B1Dev1015CheckExchangePricesMB"/>
  <testcase name="" time="0.16" classname="testcases.B1Dev1015CheckExchangePricesMB"/>
  <testcase name="" time="0.151" classname="testcases.B1Dev1015CheckExchangePricesMB"/>
  <testcase name="" time="0.163" classname="testcases.B1Dev1015CheckExchangePricesMB"/>
  <testcase name="" time="6.694" classname="testcases.B1Dev1015CheckExchangePricesMB"/>
  <testcase name="" time="0.153" classname="testcases.B1Dev1015CheckExchangePricesMB"/>
  <testcase name="" time="0.161" classname="testcases.B1Dev1015CheckExchangePricesMB"/>
  <testcase name="" time="0.148" classname="testcases.B1Dev1015CheckExchangePricesMB"/>
  <testcase name="" time="0.148" classname="testcases.B1Dev1015CheckExchangePricesMB"/>
  <testcase name="" time="0.146" classname="testcases.B1Dev1015CheckExchangePricesMB"/>
  <testcase name="" time="0.147" classname="testcases.B1Dev1015CheckExchangePricesMB"/>
  <testcase name="" time="0.15" classname="testcases.B1Dev1015CheckExchangePricesMB"/>
  <testcase name="" time="0.139" classname="testcases.B1Dev1015CheckExchangePricesMB"/>
  <testcase name="" time="0.158" classname="testcases.B1Dev1015CheckExchangePricesMB"/>
  <testcase name="" time="0.171" classname="testcases.B1Dev1015CheckExchangePricesMB"/>
  <testcase name="" time="0.243" classname="testcases.B1Dev1015CheckExchangePricesMB"/>
  <testcase name="" time="0.168" classname="testcases.B1Dev1015CheckExchangePricesMB"/>
  <testcase name="" time="18.296" classname="testcases.B1Dev1015CheckExchangePricesMB"/>
  <testcase name="" time="0.18" classname="testcases.B1Dev1015CheckExchangePricesMB"/>
  <testcase name="" time="0.154" classname="testcases.B1Dev1015CheckExchangePricesMB"/>
  <testcase name="" time="0.163" classname="testcases.B1Dev1015CheckExchangePricesMB"/>
  <testcase name="" time="0.149" classname="testcases.B1Dev1015CheckExchangePricesMB"/>
  <testcase name="" time="0.146" classname="testcases.B1Dev1015CheckExchangePricesMB"/>
  <testcase name="" time="0.149" classname="testcases.B1Dev1015CheckExchangePricesMB"/>
  <testcase name="" time="0.176" classname="testcases.B1Dev1015CheckExchangePricesMB"/>
  <testcase name="" time="0.15" classname="testcases.B1Dev1015CheckExchangePricesMB"/>
  <testcase name="" time="0.147" classname="testcases.B1Dev1015CheckExchangePricesMB"/>
  <testcase name="" time="0.159" classname="testcases.B1Dev1015CheckExchangePricesMB"/>
  <testcase name="" time="0.15" classname="testcases.B1Dev1015CheckExchangePricesMB"/>
  <testcase name="" time="0.153" classname="testcases.B1Dev1015CheckExchangePricesMB"/>
  <testcase name="" time="18.422" classname="testcases.B1Dev1015CheckExchangePricesMB"/>
  <testcase name="" time="0.176" classname="testcases.B1Dev1015CheckExchangePricesMB"/>
  <testcase name="" time="0.155" classname="testcases.B1Dev1015CheckExchangePricesMB"/>
  <testcase name="" time="0.147" classname="testcases.B1Dev1015CheckExchangePricesMB"/>
  <testcase name="" time="0.137" classname="testcases.B1Dev1015CheckExchangePricesMB"/>
  <testcase name="" time="0.139" classname="testcases.B1Dev1015CheckExchangePricesMB"/>
  <testcase name="" time="0.14" classname="testcases.B1Dev1015CheckExchangePricesMB"/>
  <testcase name="" time="0.147" classname="testcases.B1Dev1015CheckExchangePricesMB"/>
  <testcase name="" time="0.142" classname="testcases.B1Dev1015CheckExchangePricesMB"/>
  <testcase name="" time="0.139" classname="testcases.B1Dev1015CheckExchangePricesMB"/>
  <testcase name="" time="0.143" classname="testcases.B1Dev1015CheckExchangePricesMB"/>
  <testcase name="" time="0.145" classname="testcases.B1Dev1015CheckExchangePricesMB"/>
  <testcase name="" time="0.154" classname="testcases.B1Dev1015CheckExchangePricesMB"/>
  <testcase name="" time="24.553" classname="testcases.B1Dev1015CheckExchangePricesMB"/>
  <testcase name="" time="0.131" classname="testcases.B1Dev1015CheckExchangePricesMB"/>
  <testcase name="" time="0.137" classname="testcases.B1Dev1015CheckExchangePricesMB"/>
  <testcase name="" time="0.2" classname="testcases.B1Dev1015CheckExchangePricesMB"/>
  <testcase name="" time="0.178" classname="testcases.B1Dev1015CheckExchangePricesMB"/>
  <testcase name="" time="0.136" classname="testcases.B1Dev1015CheckExchangePricesMB"/>
  <testcase name="" time="0.131" classname="testcases.B1Dev1015CheckExchangePricesMB"/>
  <testcase name="" time="18.091" classname="testcases.B2Dev999CheckExchangePricesADV"/>
  <testcase name="" time="0.228" classname="testcases.B2Dev999CheckExchangePricesADV"/>
  <testcase name="" time="0.217" classname="testcases.B2Dev999CheckExchangePricesADV"/>
  <testcase name="" time="0.148" classname="testcases.B2Dev999CheckExchangePricesADV"/>
  <testcase name="" time="0.141" classname="testcases.B2Dev999CheckExchangePricesADV"/>
  <testcase name="" time="0.138" classname="testcases.B2Dev999CheckExchangePricesADV"/>
  <testcase name="" time="0.138" classname="testcases.B2Dev999CheckExchangePricesADV"/>
  <testcase name="" time="6.754" classname="testcases.B2Dev999CheckExchangePricesADV"/>
  <testcase name="" time="0.173" classname="testcases.B2Dev999CheckExchangePricesADV"/>
  <testcase name="" time="0.144" classname="testcases.B2Dev999CheckExchangePricesADV"/>
  <testcase name="" time="0.142" classname="testcases.B2Dev999CheckExchangePricesADV"/>
  <testcase name="" time="0.149" classname="testcases.B2Dev999CheckExchangePricesADV"/>
  <testcase name="" time="0.142" classname="testcases.B2Dev999CheckExchangePricesADV"/>
  <testcase name="" time="0.133" classname="testcases.B2Dev999CheckExchangePricesADV"/>
  <testcase name="" time="6.395" classname="testcases.B2Dev999CheckExchangePricesADV"/>
  <testcase name="" time="0.156" classname="testcases.B2Dev999CheckExchangePricesADV"/>
  <testcase name="" time="0.148" classname="testcases.B2Dev999CheckExchangePricesADV"/>
  <testcase name="" time="0.128" classname="testcases.B2Dev999CheckExchangePricesADV"/>
  <testcase name="" time="0.125" classname="testcases.B2Dev999CheckExchangePricesADV"/>
  <testcase name="" time="0.126" classname="testcases.B2Dev999CheckExchangePricesADV"/>
  <testcase name="" time="0.127" classname="testcases.B2Dev999CheckExchangePricesADV"/>
  <testcase name="" time="16.519" classname="testcases.B2Dev999CheckExchangePricesADV"/>
  <testcase name="" time="0.229" classname="testcases.B2Dev999CheckExchangePricesADV"/>
  <testcase name="" time="0.184" classname="testcases.B2Dev999CheckExchangePricesADV"/>
  <testcase name="" time="0.165" classname="testcases.B2Dev999CheckExchangePricesADV"/>
  <testcase name="" time="0.164" classname="testcases.B2Dev999CheckExchangePricesADV"/>
  <testcase name="" time="0.151" classname="testcases.B2Dev999CheckExchangePricesADV"/>
  <testcase name="" time="0.167" classname="testcases.B2Dev999CheckExchangePricesADV"/>
  <testcase name="" time="0.164" classname="testcases.B2Dev999CheckExchangePricesADV"/>
  <testcase name="" time="0.167" classname="testcases.B2Dev999CheckExchangePricesADV"/>
  <testcase name="" time="0.162" classname="testcases.B2Dev999CheckExchangePricesADV"/>
  <testcase name="" time="0.159" classname="testcases.B2Dev999CheckExchangePricesADV"/>
  <testcase name="" time="0.163" classname="testcases.B2Dev999CheckExchangePricesADV"/>
  <testcase name="" time="0.183" classname="testcases.B2Dev999CheckExchangePricesADV"/>
  <testcase name="" time="6.998" classname="testcases.B2Dev999CheckExchangePricesADV"/>
  <testcase name="" time="0.205" classname="testcases.B2Dev999CheckExchangePricesADV"/>
  <testcase name="" time="0.17" classname="testcases.B2Dev999CheckExchangePricesADV"/>
  <testcase name="" time="0.165" classname="testcases.B2Dev999CheckExchangePricesADV"/>
  <testcase name="" time="0.158" classname="testcases.B2Dev999CheckExchangePricesADV"/>
  <testcase name="" time="0.156" classname="testcases.B2Dev999CheckExchangePricesADV"/>
  <testcase name="" time="0.159" classname="testcases.B2Dev999CheckExchangePricesADV"/>
  <testcase name="" time="0.168" classname="testcases.B2Dev999CheckExchangePricesADV"/>
  <testcase name="" time="0.161" classname="testcases.B2Dev999CheckExchangePricesADV"/>
  <testcase name="" time="0.156" classname="testcases.B2Dev999CheckExchangePricesADV"/>
  <testcase name="" time="0.153" classname="testcases.B2Dev999CheckExchangePricesADV"/>
  <testcase name="" time="0.163" classname="testcases.B2Dev999CheckExchangePricesADV"/>
  <testcase name="" time="0.182" classname="testcases.B2Dev999CheckExchangePricesADV"/>
  <testcase name="" time="6.725" classname="testcases.B2Dev999CheckExchangePricesADV"/>
  <testcase name="" time="0.18" classname="testcases.B2Dev999CheckExchangePricesADV"/>
  <testcase name="" time="0.155" classname="testcases.B2Dev999CheckExchangePricesADV"/>
  <testcase name="" time="0.155" classname="testcases.B2Dev999CheckExchangePricesADV"/>
  <testcase name="" time="0.152" classname="testcases.B2Dev999CheckExchangePricesADV"/>
  <testcase name="" time="0.145" classname="testcases.B2Dev999CheckExchangePricesADV"/>
  <testcase name="" time="0.155" classname="testcases.B2Dev999CheckExchangePricesADV"/>
  <testcase name="" time="0.141" classname="testcases.B2Dev999CheckExchangePricesADV"/>
  <testcase name="" time="0.147" classname="testcases.B2Dev999CheckExchangePricesADV"/>
  <testcase name="" time="0.15" classname="testcases.B2Dev999CheckExchangePricesADV"/>
  <testcase name="" time="0.143" classname="testcases.B2Dev999CheckExchangePricesADV"/>
  <testcase name="" time="0.156" classname="testcases.B2Dev999CheckExchangePricesADV"/>
  <testcase name="" time="0.144" classname="testcases.B2Dev999CheckExchangePricesADV"/>
  <testcase name="" time="17.856" classname="testcases.B3Dev998CheckExchangePricesADV2"/>
  <testcase name="" time="0.176" classname="testcases.B3Dev998CheckExchangePricesADV2"/>
  <testcase name="" time="0.15" classname="testcases.B3Dev998CheckExchangePricesADV2"/>
  <testcase name="" time="0.136" classname="testcases.B3Dev998CheckExchangePricesADV2"/>
  <testcase name="" time="0.138" classname="testcases.B3Dev998CheckExchangePricesADV2"/>
  <testcase name="" time="0.138" classname="testcases.B3Dev998CheckExchangePricesADV2"/>
  <testcase name="" time="0.137" classname="testcases.B3Dev998CheckExchangePricesADV2"/>
  <testcase name="" time="6.572" classname="testcases.B3Dev998CheckExchangePricesADV2"/>
  <testcase name="" time="0.166" classname="testcases.B3Dev998CheckExchangePricesADV2"/>
  <testcase name="" time="0.144" classname="testcases.B3Dev998CheckExchangePricesADV2"/>
  <testcase name="" time="0.139" classname="testcases.B3Dev998CheckExchangePricesADV2"/>
  <testcase name="" time="0.136" classname="testcases.B3Dev998CheckExchangePricesADV2"/>
  <testcase name="" time="0.134" classname="testcases.B3Dev998CheckExchangePricesADV2"/>
  <testcase name="" time="0.132" classname="testcases.B3Dev998CheckExchangePricesADV2"/>
  <testcase name="" time="6.474" classname="testcases.B3Dev998CheckExchangePricesADV2"/>
  <testcase name="" time="0.147" classname="testcases.B3Dev998CheckExchangePricesADV2"/>
  <testcase name="" time="0.126" classname="testcases.B3Dev998CheckExchangePricesADV2"/>
  <testcase name="" time="0.132" classname="testcases.B3Dev998CheckExchangePricesADV2"/>
  <testcase name="" time="0.135" classname="testcases.B3Dev998CheckExchangePricesADV2"/>
  <testcase name="" time="0.124" classname="testcases.B3Dev998CheckExchangePricesADV2"/>
  <testcase name="" time="0.128" classname="testcases.B3Dev998CheckExchangePricesADV2"/>
  <testcase name="" time="16.31" classname="testcases.B3Dev998CheckExchangePricesADV2"/>
  <testcase name="" time="0.197" classname="testcases.B3Dev998CheckExchangePricesADV2"/>
  <testcase name="" time="0.156" classname="testcases.B3Dev998CheckExchangePricesADV2"/>
  <testcase name="" time="0.165" classname="testcases.B3Dev998CheckExchangePricesADV2"/>
  <testcase name="" time="0.151" classname="testcases.B3Dev998CheckExchangePricesADV2"/>
  <testcase name="" time="0.154" classname="testcases.B3Dev998CheckExchangePricesADV2"/>
  <testcase name="" time="0.167" classname="testcases.B3Dev998CheckExchangePricesADV2"/>
  <testcase name="" time="0.154" classname="testcases.B3Dev998CheckExchangePricesADV2"/>
  <testcase name="" time="0.183" classname="testcases.B3Dev998CheckExchangePricesADV2"/>
  <testcase name="" time="0.149" classname="testcases.B3Dev998CheckExchangePricesADV2"/>
  <testcase name="" time="0.182" classname="testcases.B3Dev998CheckExchangePricesADV2"/>
  <testcase name="" time="0.26" classname="testcases.B3Dev998CheckExchangePricesADV2"/>
  <testcase name="" time="0.207" classname="testcases.B3Dev998CheckExchangePricesADV2"/>
  <testcase name="" time="7.074" classname="testcases.B3Dev998CheckExchangePricesADV2"/>
  <testcase name="" time="0.208" classname="testcases.B3Dev998CheckExchangePricesADV2"/>
  <testcase name="" time="0.163" classname="testcases.B3Dev998CheckExchangePricesADV2"/>
  <testcase name="" time="0.158" classname="testcases.B3Dev998CheckExchangePricesADV2"/>
  <testcase name="" time="0.163" classname="testcases.B3Dev998CheckExchangePricesADV2"/>
  <testcase name="" time="0.153" classname="testcases.B3Dev998CheckExchangePricesADV2"/>
  <testcase name="" time="0.156" classname="testcases.B3Dev998CheckExchangePricesADV2"/>
  <testcase name="" time="0.153" classname="testcases.B3Dev998CheckExchangePricesADV2"/>
  <testcase name="" time="0.16" classname="testcases.B3Dev998CheckExchangePricesADV2"/>
  <testcase name="" time="0.156" classname="testcases.B3Dev998CheckExchangePricesADV2"/>
  <testcase name="" time="0.154" classname="testcases.B3Dev998CheckExchangePricesADV2"/>
  <testcase name="" time="0.183" classname="testcases.B3Dev998CheckExchangePricesADV2"/>
  <testcase name="" time="0.161" classname="testcases.B3Dev998CheckExchangePricesADV2"/>
  <testcase name="" time="6.817" classname="testcases.B3Dev998CheckExchangePricesADV2"/>
  <testcase name="" time="0.17" classname="testcases.B3Dev998CheckExchangePricesADV2"/>
  <testcase name="" time="0.155" classname="testcases.B3Dev998CheckExchangePricesADV2"/>
  <testcase name="" time="0.154" classname="testcases.B3Dev998CheckExchangePricesADV2"/>
  <testcase name="" time="0.144" classname="testcases.B3Dev998CheckExchangePricesADV2"/>
  <testcase name="" time="0.146" classname="testcases.B3Dev998CheckExchangePricesADV2"/>
  <testcase name="" time="0.147" classname="testcases.B3Dev998CheckExchangePricesADV2"/>
  <testcase name="" time="0.156" classname="testcases.B3Dev998CheckExchangePricesADV2"/>
  <testcase name="" time="0.14" classname="testcases.B3Dev998CheckExchangePricesADV2"/>
  <testcase name="" time="0.151" classname="testcases.B3Dev998CheckExchangePricesADV2"/>
  <testcase name="" time="0.142" classname="testcases.B3Dev998CheckExchangePricesADV2"/>
  <testcase name="" time="0.161" classname="testcases.B3Dev998CheckExchangePricesADV2"/>
  <testcase name="" time="0.139" classname="testcases.B3Dev998CheckExchangePricesADV2"/>
  <testcase name="" time="51.733" classname="testcases.B4Dev1077CheckAllPricesForADV"/>
  <testcase name="" time="47.069" classname="testcases.B4Dev1077CheckAllPricesForADV"/>
  <testcase name="" time="46.506" classname="testcases.B4Dev1077CheckAllPricesForADV"/>
  <testcase name="" time="45.584" classname="testcases.B4Dev1077CheckAllPricesForADV"/>
  <testcase name="" time="44.833" classname="testcases.B4Dev1077CheckAllPricesForADV"/>
  <testcase name="" time="44.43" classname="testcases.B4Dev1077CheckAllPricesForADV"/>
  <testcase name="" time="44.375" classname="testcases.B4Dev1077CheckAllPricesForADV"/>
  <testcase name="" time="44.494" classname="testcases.B4Dev1077CheckAllPricesForADV"/>
  <testcase name="" time="44.462" classname="testcases.B4Dev1077CheckAllPricesForADV"/>
  <testcase name="" time="49.198" classname="testcases.B4Dev1077CheckAllPricesForADV"/>
  <testcase name="" time="47.561" classname="testcases.B4Dev1077CheckAllPricesForADV"/>
  <testcase name="" time="42.355" classname="testcases.B5Dev1079CheckPricesForADV2"/>
  <testcase name="" time="10.122" classname="testcases.B5Dev1079CheckPricesForADV2"/>
  <testcase name="" time="10.083" classname="testcases.B5Dev1079CheckPricesForADV2"/>
  <testcase name="" time="14.77" classname="testcases.B5Dev1079CheckPricesForADV2"/>
  <testcase name="" time="14.905" classname="testcases.B5Dev1079CheckPricesForADV2"/>
  <testcase name="" time="7.937" classname="testcases.B5Dev1079CheckPricesForADV2"/>
  <testcase name="" time="33.725" classname="testcases.B6Dev1080CheckPricesForMB"/>
  <testcase name="" time="18.525" classname="testcases.B6Dev1080CheckPricesForMB"/>
  <testcase name="" time="18.355" classname="testcases.B6Dev1080CheckPricesForMB"/>
  <testcase name="" time="20.529" classname="testcases.B6Dev1080CheckPricesForMB"/>
  <testcase name="" time="18.46" classname="testcases.B6Dev1080CheckPricesForMB"/>
  <testcase name="" time="5.827" classname="testcases.B6Dev1080CheckPricesForMB"/>
</testsuite> <!-- GRP-B2,B3,B4,B5,B6,B1 -->
