<?xml version="1.0" encoding="UTF-8"?>
<!-- Generated by org.testng.reporters.JUnitXMLReporter -->
<testsuite hostname="mbpro-dejuan.local" name="GRP-CreateData,Buy,LoginFirstTime,CheckPrice,CheckOrder" tests="32" failures="0" timestamp="1 Sep 2016 06:40:41 GMT" time="1370.801" errors="0">
  <testcase name="" time="310.672" classname="testcases.A1Dev1028UnitCreate"/>
  <testcase name="" time="9.664" classname="testcases.A2Dev1072LoginFirstTime"/>
  <testcase name="" time="9.188" classname="testcases.A2Dev1072LoginFirstTime"/>
  <testcase name="" time="9.631" classname="testcases.A2Dev1072LoginFirstTime"/>
  <testcase name="" time="9.632" classname="testcases.A2Dev1072LoginFirstTime"/>
  <testcase name="" time="9.533" classname="testcases.A2Dev1072LoginFirstTime"/>
  <testcase name="" time="9.505" classname="testcases.A2Dev1072LoginFirstTime"/>
  <testcase name="" time="9.296" classname="testcases.A2Dev1072LoginFirstTime"/>
  <testcase name="" time="43.628" classname="testcases.A3Dev1077CheckBuyNowPrices"/>
  <testcase name="" time="40.835" classname="testcases.A3Dev1077CheckBuyNowPrices"/>
  <testcase name="" time="41.266" classname="testcases.A3Dev1077CheckBuyNowPrices"/>
  <testcase name="" time="40.545" classname="testcases.A3Dev1077CheckBuyNowPrices"/>
  <testcase name="" time="40.085" classname="testcases.A3Dev1077CheckBuyNowPrices"/>
  <testcase name="" time="42.129" classname="testcases.A3Dev1080CheckLastMinutePrices"/>
  <testcase name="" time="42.495" classname="testcases.A3Dev1080CheckLastMinutePrices"/>
  <testcase name="" time="42.897" classname="testcases.A3Dev1080CheckLastMinutePrices"/>
  <testcase name="" time="42.47" classname="testcases.A3Dev1080CheckLastMinutePrices"/>
  <testcase name="" time="43.468" classname="testcases.A3Dev1079CheckBuyNowPricesDiffSalesOrg"/>
  <testcase name="" time="42.543" classname="testcases.A3Dev1079CheckBuyNowPricesDiffSalesOrg"/>
  <testcase name="" time="42.244" classname="testcases.A3Dev1079CheckBuyNowPricesDiffSalesOrg"/>
  <testcase name="" time="42.474" classname="testcases.A3Dev1079CheckBuyNowPricesDiffSalesOrg"/>
  <testcase name="" time="41.349" classname="testcases.A3Dev1082CheckBidPrices"/>
  <testcase name="" time="41.162" classname="testcases.A3Dev1082CheckBidPrices"/>
  <testcase name="" time="42.139" classname="testcases.A3Dev1082CheckBidPrices"/>
  <testcase name="" time="42.047" classname="testcases.A3Dev1082CheckBidPrices"/>
  <testcase name="" time="83.547" classname="testcases.A4Dev1101CampaignCheckPricesAndBuy"/>
  <testcase name="" time="68.106" classname="testcases.A4Dev1101CampaignCheckPricesAndBuy"/>
  <testcase name="" time="67.066" classname="testcases.A4Dev1101CampaignCheckPricesAndBuy"/>
  <testcase name="" time="0.001" classname="testcases.A5Dev1102CheckOrders"/>
  <testcase name="" time="0.0" classname="testcases.A5Dev1102CheckOrders"/>
  <testcase name="" time="0.0" classname="testcases.A5Dev1102CheckOrders"/>
  <testcase name="" time="0.0" classname="testcases.A5Dev1102CheckOrders"/>
</testsuite> <!-- GRP-CreateData,Buy,LoginFirstTime,CheckPrice,CheckOrder -->
